[INFO ] 2019-02-20 16:48:27.075 [restartedMain] TrackerApplication - Starting TrackerApplication on T-C-RahulP with PID 26465 (/home/thrymr/projects/tracker/target/classes started by thrymr in /home/thrymr/projects/tracker)
[DEBUG] 2019-02-20 16:48:27.075 [restartedMain] TrackerApplication - Running with Spring Boot v2.1.1.RELEASE, Spring v5.1.3.RELEASE
[INFO ] 2019-02-20 16:48:27.075 [restartedMain] TrackerApplication - The following profiles are active: dev
[INFO ] 2019-02-20 16:48:28.480 [restartedMain] PdfServiceImpl - resource
[INFO ] 2019-02-20 16:48:29.221 [restartedMain] TrackerApplication - Started TrackerApplication in 2.603 seconds (JVM running for 3.471)
[INFO ] 2019-02-20 16:48:51.706 [http-nio-8087-exec-1] PdfServiceImpl - 2--------3
[INFO ] 2019-02-20 16:49:27.870 [restartedMain] TrackerApplication - Starting TrackerApplication on T-C-RahulP with PID 26569 (/home/thrymr/projects/tracker/target/classes started by thrymr in /home/thrymr/projects/tracker)
[DEBUG] 2019-02-20 16:49:27.871 [restartedMain] TrackerApplication - Running with Spring Boot v2.1.1.RELEASE, Spring v5.1.3.RELEASE
[INFO ] 2019-02-20 16:49:27.872 [restartedMain] TrackerApplication - The following profiles are active: dev
[INFO ] 2019-02-20 16:49:29.449 [restartedMain] PdfServiceImpl - resource
[INFO ] 2019-02-20 16:49:30.264 [restartedMain] TrackerApplication - Started TrackerApplication in 2.941 seconds (JVM running for 3.867)
[INFO ] 2019-02-20 16:49:34.551 [http-nio-8087-exec-1] PdfServiceImpl - 2--------3
[INFO ] 2019-02-22 16:54:38.788 [restartedMain] TrackerApplication - Starting TrackerApplication on T-C-RahulP with PID 7716 (/home/thrymr/projects/tracker/target/classes started by thrymr in /home/thrymr/projects/tracker)
[DEBUG] 2019-02-22 16:54:38.789 [restartedMain] TrackerApplication - Running with Spring Boot v2.1.1.RELEASE, Spring v5.1.3.RELEASE
[INFO ] 2019-02-22 16:54:38.789 [restartedMain] TrackerApplication - The following profiles are active: dev
[INFO ] 2019-02-22 16:54:40.440 [restartedMain] PdfServiceImpl - resource
[INFO ] 2019-02-22 16:54:41.658 [restartedMain] TrackerApplication - Started TrackerApplication in 3.298 seconds (JVM running for 4.48)
[INFO ] 2019-02-22 17:04:48.066 [restartedMain] TrackerApplication - Starting TrackerApplication on T-C-RahulP with PID 8340 (/home/thrymr/projects/tracker/target/classes started by thrymr in /home/thrymr/projects/tracker)
[DEBUG] 2019-02-22 17:04:48.067 [restartedMain] TrackerApplication - Running with Spring Boot v2.1.1.RELEASE, Spring v5.1.3.RELEASE
[INFO ] 2019-02-22 17:04:48.067 [restartedMain] TrackerApplication - The following profiles are active: dev
[INFO ] 2019-02-22 17:06:47.346 [restartedMain] TrackerApplication - Starting TrackerApplication on T-C-RahulP with PID 8467 (/home/thrymr/projects/tracker/target/classes started by thrymr in /home/thrymr/projects/tracker)
[DEBUG] 2019-02-22 17:06:47.347 [restartedMain] TrackerApplication - Running with Spring Boot v2.1.1.RELEASE, Spring v5.1.3.RELEASE
[INFO ] 2019-02-22 17:06:47.347 [restartedMain] TrackerApplication - The following profiles are active: dev
[INFO ] 2019-02-22 17:10:50.780 [restartedMain] TrackerApplication - Starting TrackerApplication on T-C-RahulP with PID 8791 (/home/thrymr/projects/tracker/target/classes started by thrymr in /home/thrymr/projects/tracker)
[DEBUG] 2019-02-22 17:10:50.780 [restartedMain] TrackerApplication - Running with Spring Boot v2.1.1.RELEASE, Spring v5.1.3.RELEASE
[INFO ] 2019-02-22 17:10:50.781 [restartedMain] TrackerApplication - The following profiles are active: dev
[INFO ] 2019-02-22 17:14:33.613 [restartedMain] TrackerApplication - Starting TrackerApplication on T-C-RahulP with PID 9006 (/home/thrymr/projects/tracker/target/classes started by thrymr in /home/thrymr/projects/tracker)
[DEBUG] 2019-02-22 17:14:33.613 [restartedMain] TrackerApplication - Running with Spring Boot v2.1.1.RELEASE, Spring v5.1.3.RELEASE
[INFO ] 2019-02-22 17:14:33.614 [restartedMain] TrackerApplication - The following profiles are active: dev
[INFO ] 2019-02-22 17:14:54.584 [restartedMain] TrackerApplication - Starting TrackerApplication on T-C-RahulP with PID 9076 (/home/thrymr/projects/tracker/target/classes started by thrymr in /home/thrymr/projects/tracker)
[DEBUG] 2019-02-22 17:14:54.585 [restartedMain] TrackerApplication - Running with Spring Boot v2.1.1.RELEASE, Spring v5.1.3.RELEASE
[INFO ] 2019-02-22 17:14:54.585 [restartedMain] TrackerApplication - The following profiles are active: dev
[INFO ] 2019-02-22 17:16:36.102 [restartedMain] TrackerApplication - Starting TrackerApplication on T-C-RahulP with PID 9237 (/home/thrymr/projects/tracker/target/classes started by thrymr in /home/thrymr/projects/tracker)
[DEBUG] 2019-02-22 17:16:36.104 [restartedMain] TrackerApplication - Running with Spring Boot v2.1.1.RELEASE, Spring v5.1.3.RELEASE
[INFO ] 2019-02-22 17:16:36.105 [restartedMain] TrackerApplication - The following profiles are active: dev
[INFO ] 2019-02-22 17:16:42.567 [restartedMain] PdfServiceImpl - resource
[INFO ] 2019-02-22 17:16:43.691 [restartedMain] TrackerApplication - Started TrackerApplication in 8.036 seconds (JVM running for 8.955)
[INFO ] 2019-02-22 17:17:40.021 [restartedMain] TrackerApplication - Starting TrackerApplication on T-C-RahulP with PID 9424 (/home/thrymr/projects/tracker/target/classes started by thrymr in /home/thrymr/projects/tracker)
[DEBUG] 2019-02-22 17:17:40.022 [restartedMain] TrackerApplication - Running with Spring Boot v2.1.1.RELEASE, Spring v5.1.3.RELEASE
[INFO ] 2019-02-22 17:17:40.023 [restartedMain] TrackerApplication - The following profiles are active: dev
[INFO ] 2019-02-22 17:17:43.328 [restartedMain] PdfServiceImpl - resource
[INFO ] 2019-02-22 17:17:44.683 [restartedMain] TrackerApplication - Started TrackerApplication in 5.064 seconds (JVM running for 5.881)
[INFO ] 2019-02-22 17:19:20.199 [restartedMain] TrackerApplication - Starting TrackerApplication on T-C-RahulP with PID 9613 (/home/thrymr/projects/tracker/target/classes started by thrymr in /home/thrymr/projects/tracker)
[DEBUG] 2019-02-22 17:19:20.200 [restartedMain] TrackerApplication - Running with Spring Boot v2.1.1.RELEASE, Spring v5.1.3.RELEASE
[INFO ] 2019-02-22 17:19:20.200 [restartedMain] TrackerApplication - The following profiles are active: dev
[INFO ] 2019-02-22 17:19:23.704 [restartedMain] PdfServiceImpl - resource
[INFO ] 2019-02-22 17:19:24.902 [restartedMain] TrackerApplication - Started TrackerApplication in 5.083 seconds (JVM running for 5.801)
[INFO ] 2019-02-22 17:24:44.625 [restartedMain] TrackerApplication - Starting TrackerApplication on T-C-RahulP with PID 9929 (/home/thrymr/projects/tracker/target/classes started by thrymr in /home/thrymr/projects/tracker)
[DEBUG] 2019-02-22 17:24:44.626 [restartedMain] TrackerApplication - Running with Spring Boot v2.1.1.RELEASE, Spring v5.1.3.RELEASE
[INFO ] 2019-02-22 17:24:44.626 [restartedMain] TrackerApplication - The following profiles are active: dev
[INFO ] 2019-02-22 17:24:48.301 [restartedMain] PdfServiceImpl - resource
[INFO ] 2019-02-22 17:24:49.618 [restartedMain] TrackerApplication - Started TrackerApplication in 5.426 seconds (JVM running for 6.151)
[INFO ] 2019-02-22 17:27:01.705 [restartedMain] TrackerApplication - Starting TrackerApplication on T-C-RahulP with PID 10172 (/home/thrymr/projects/tracker/target/classes started by thrymr in /home/thrymr/projects/tracker)
[DEBUG] 2019-02-22 17:27:01.706 [restartedMain] TrackerApplication - Running with Spring Boot v2.1.1.RELEASE, Spring v5.1.3.RELEASE
[INFO ] 2019-02-22 17:27:01.707 [restartedMain] TrackerApplication - The following profiles are active: dev
[INFO ] 2019-02-22 17:27:05.281 [restartedMain] PdfServiceImpl - resource
[INFO ] 2019-02-22 17:27:06.393 [restartedMain] TrackerApplication - Started TrackerApplication in 5.068 seconds (JVM running for 5.789)
[INFO ] 2019-02-22 17:43:25.689 [restartedMain] TrackerApplication - Starting TrackerApplication on T-C-RahulP with PID 11166 (/home/thrymr/projects/tracker/target/classes started by thrymr in /home/thrymr/projects/tracker)
[DEBUG] 2019-02-22 17:43:25.690 [restartedMain] TrackerApplication - Running with Spring Boot v2.1.1.RELEASE, Spring v5.1.3.RELEASE
[INFO ] 2019-02-22 17:43:25.690 [restartedMain] TrackerApplication - The following profiles are active: dev
[INFO ] 2019-02-22 17:43:30.021 [restartedMain] PdfServiceImpl - resource
[INFO ] 2019-02-22 17:43:31.449 [restartedMain] TrackerApplication - Started TrackerApplication in 6.221 seconds (JVM running for 7.029)
[INFO ] 2019-02-22 17:48:51.257 [http-nio-8087-exec-5] PdfServiceImpl - 2--------3
[INFO ] 2019-02-22 18:30:37.105 [restartedMain] TrackerApplication - Starting TrackerApplication on T-C-RahulP with PID 12719 (/home/thrymr/projects/tracker/target/classes started by thrymr in /home/thrymr/projects/tracker)
[DEBUG] 2019-02-22 18:30:37.105 [restartedMain] TrackerApplication - Running with Spring Boot v2.1.1.RELEASE, Spring v5.1.3.RELEASE
[INFO ] 2019-02-22 18:30:37.105 [restartedMain] TrackerApplication - The following profiles are active: dev
[INFO ] 2019-02-22 18:30:41.114 [restartedMain] PdfServiceImpl - resource
[INFO ] 2019-02-22 18:30:42.583 [restartedMain] TrackerApplication - Started TrackerApplication in 5.872 seconds (JVM running for 6.736)
[INFO ] 2019-02-22 18:31:03.604 [http-nio-8087-exec-2] PdfServiceImpl - 2--------3
[INFO ] 2019-02-22 18:32:39.036 [restartedMain] TrackerApplication - Starting TrackerApplication on T-C-RahulP with PID 12942 (/home/thrymr/projects/tracker/target/classes started by thrymr in /home/thrymr/projects/tracker)
[DEBUG] 2019-02-22 18:32:39.037 [restartedMain] TrackerApplication - Running with Spring Boot v2.1.1.RELEASE, Spring v5.1.3.RELEASE
[INFO ] 2019-02-22 18:32:39.037 [restartedMain] TrackerApplication - The following profiles are active: dev
[INFO ] 2019-02-22 18:33:55.393 [restartedMain] TrackerApplication - Starting TrackerApplication on T-C-RahulP with PID 13043 (/home/thrymr/projects/tracker/target/classes started by thrymr in /home/thrymr/projects/tracker)
[DEBUG] 2019-02-22 18:33:55.394 [restartedMain] TrackerApplication - Running with Spring Boot v2.1.1.RELEASE, Spring v5.1.3.RELEASE
[INFO ] 2019-02-22 18:33:55.394 [restartedMain] TrackerApplication - The following profiles are active: dev
[INFO ] 2019-02-22 18:33:59.335 [restartedMain] PdfServiceImpl - resource
[INFO ] 2019-02-22 18:34:00.735 [restartedMain] TrackerApplication - Started TrackerApplication in 5.745 seconds (JVM running for 6.561)
[INFO ] 2019-02-22 18:34:16.080 [http-nio-8087-exec-2] PdfServiceImpl - 2--------3
[INFO ] 2019-02-22 18:47:41.309 [restartedMain] TrackerApplication - Starting TrackerApplication on T-C-RahulP with PID 13759 (/home/thrymr/projects/tracker/target/classes started by thrymr in /home/thrymr/projects/tracker)
[DEBUG] 2019-02-22 18:47:41.310 [restartedMain] TrackerApplication - Running with Spring Boot v2.1.1.RELEASE, Spring v5.1.3.RELEASE
[INFO ] 2019-02-22 18:47:41.310 [restartedMain] TrackerApplication - The following profiles are active: dev
[INFO ] 2019-02-22 18:47:45.143 [restartedMain] PdfServiceImpl - resource
[INFO ] 2019-02-22 18:47:46.396 [restartedMain] TrackerApplication - Started TrackerApplication in 5.51 seconds (JVM running for 6.361)
[INFO ] 2019-02-22 18:48:10.611 [http-nio-8087-exec-3] PdfServiceImpl - 2--------3
[INFO ] 2019-02-22 18:52:57.315 [restartedMain] TrackerApplication - Starting TrackerApplication on T-C-RahulP with PID 14142 (/home/thrymr/projects/tracker/target/classes started by thrymr in /home/thrymr/projects/tracker)
[DEBUG] 2019-02-22 18:52:57.315 [restartedMain] TrackerApplication - Running with Spring Boot v2.1.1.RELEASE, Spring v5.1.3.RELEASE
[INFO ] 2019-02-22 18:52:57.316 [restartedMain] TrackerApplication - The following profiles are active: dev
[INFO ] 2019-02-22 18:53:01.372 [restartedMain] PdfServiceImpl - resource
[INFO ] 2019-02-22 18:53:02.739 [restartedMain] TrackerApplication - Started TrackerApplication in 5.816 seconds (JVM running for 6.688)
[INFO ] 2019-02-22 18:54:36.183 [restartedMain] TrackerApplication - Starting TrackerApplication on T-C-RahulP with PID 14345 (/home/thrymr/projects/tracker/target/classes started by thrymr in /home/thrymr/projects/tracker)
[DEBUG] 2019-02-22 18:54:36.183 [restartedMain] TrackerApplication - Running with Spring Boot v2.1.1.RELEASE, Spring v5.1.3.RELEASE
[INFO ] 2019-02-22 18:54:36.183 [restartedMain] TrackerApplication - The following profiles are active: dev
[INFO ] 2019-02-22 18:54:39.865 [restartedMain] PdfServiceImpl - resource
[INFO ] 2019-02-22 18:54:41.152 [restartedMain] TrackerApplication - Started TrackerApplication in 5.343 seconds (JVM running for 6.074)
[INFO ] 2019-02-23 11:56:54.192 [restartedMain] TrackerApplication - Starting TrackerApplication on T-C-RahulP with PID 14359 (/home/thrymr/projects/tracker/target/classes started by thrymr in /home/thrymr/projects/tracker)
[DEBUG] 2019-02-23 11:56:54.193 [restartedMain] TrackerApplication - Running with Spring Boot v2.1.1.RELEASE, Spring v5.1.3.RELEASE
[INFO ] 2019-02-23 11:56:54.193 [restartedMain] TrackerApplication - The following profiles are active: dev
[INFO ] 2019-02-23 11:57:00.410 [restartedMain] PdfServiceImpl - resource
[INFO ] 2019-02-23 11:57:02.462 [restartedMain] TrackerApplication - Started TrackerApplication in 8.716 seconds (JVM running for 9.585)
[INFO ] 2019-02-25 10:46:26.817 [restartedMain] TrackerApplication - Starting TrackerApplication on T-C-RahulP with PID 5649 (/home/thrymr/projects/tracker/target/classes started by thrymr in /home/thrymr/projects/tracker)
[DEBUG] 2019-02-25 10:46:26.818 [restartedMain] TrackerApplication - Running with Spring Boot v2.1.1.RELEASE, Spring v5.1.3.RELEASE
[INFO ] 2019-02-25 10:46:26.818 [restartedMain] TrackerApplication - The following profiles are active: dev
[INFO ] 2019-02-25 10:46:30.831 [restartedMain] PdfServiceImpl - resource
[INFO ] 2019-02-25 10:46:32.105 [restartedMain] TrackerApplication - Started TrackerApplication in 5.706 seconds (JVM running for 6.614)
[INFO ] 2019-02-25 10:54:57.773 [restartedMain] TrackerApplication - Starting TrackerApplication on T-C-RahulP with PID 6443 (/home/thrymr/projects/tracker/target/classes started by thrymr in /home/thrymr/projects/tracker)
[DEBUG] 2019-02-25 10:54:57.775 [restartedMain] TrackerApplication - Running with Spring Boot v2.1.1.RELEASE, Spring v5.1.3.RELEASE
[INFO ] 2019-02-25 10:54:57.775 [restartedMain] TrackerApplication - The following profiles are active: dev
[INFO ] 2019-02-25 10:55:01.592 [restartedMain] PdfServiceImpl - resource
[INFO ] 2019-02-25 10:55:02.985 [restartedMain] TrackerApplication - Started TrackerApplication in 5.621 seconds (JVM running for 6.509)
[INFO ] 2019-02-25 10:56:06.599 [restartedMain] TrackerApplication - Starting TrackerApplication on T-C-RahulP with PID 6680 (/home/thrymr/projects/tracker/target/classes started by thrymr in /home/thrymr/projects/tracker)
[DEBUG] 2019-02-25 10:56:06.600 [restartedMain] TrackerApplication - Running with Spring Boot v2.1.1.RELEASE, Spring v5.1.3.RELEASE
[INFO ] 2019-02-25 10:56:06.600 [restartedMain] TrackerApplication - The following profiles are active: dev
[INFO ] 2019-02-25 10:56:10.355 [restartedMain] PdfServiceImpl - resource
[INFO ] 2019-02-25 10:56:11.651 [restartedMain] TrackerApplication - Started TrackerApplication in 5.435 seconds (JVM running for 6.283)
[INFO ] 2019-02-25 10:59:33.697 [restartedMain] TrackerApplication - Starting TrackerApplication on T-C-RahulP with PID 6983 (/home/thrymr/projects/tracker/target/classes started by thrymr in /home/thrymr/projects/tracker)
[DEBUG] 2019-02-25 10:59:33.701 [restartedMain] TrackerApplication - Running with Spring Boot v2.1.1.RELEASE, Spring v5.1.3.RELEASE
[INFO ] 2019-02-25 10:59:33.702 [restartedMain] TrackerApplication - The following profiles are active: dev
[INFO ] 2019-02-25 10:59:37.258 [restartedMain] PdfServiceImpl - resource
[INFO ] 2019-02-25 10:59:38.445 [restartedMain] TrackerApplication - Started TrackerApplication in 5.156 seconds (JVM running for 5.987)
[INFO ] 2019-02-25 11:03:56.587 [restartedMain] TrackerApplication - Starting TrackerApplication on T-C-RahulP with PID 7296 (/home/thrymr/projects/tracker/target/classes started by thrymr in /home/thrymr/projects/tracker)
[DEBUG] 2019-02-25 11:03:56.587 [restartedMain] TrackerApplication - Running with Spring Boot v2.1.1.RELEASE, Spring v5.1.3.RELEASE
[INFO ] 2019-02-25 11:03:56.588 [restartedMain] TrackerApplication - The following profiles are active: dev
[INFO ] 2019-02-25 11:04:00.043 [restartedMain] PdfServiceImpl - resource
[INFO ] 2019-02-25 11:04:01.398 [restartedMain] TrackerApplication - Started TrackerApplication in 5.17 seconds (JVM running for 5.915)
[INFO ] 2019-02-25 11:22:52.573 [restartedMain] TrackerApplication - Starting TrackerApplication on T-C-RahulP with PID 7966 (/home/thrymr/projects/tracker/target/classes started by thrymr in /home/thrymr/projects/tracker)
[DEBUG] 2019-02-25 11:22:52.573 [restartedMain] TrackerApplication - Running with Spring Boot v2.1.1.RELEASE, Spring v5.1.3.RELEASE
[INFO ] 2019-02-25 11:22:52.574 [restartedMain] TrackerApplication - The following profiles are active: dev
[INFO ] 2019-02-25 11:22:55.933 [restartedMain] PdfServiceImpl - resource
[INFO ] 2019-02-25 11:22:57.234 [restartedMain] TrackerApplication - Started TrackerApplication in 5.025 seconds (JVM running for 5.956)
[INFO ] 2019-02-25 11:24:19.446 [restartedMain] TrackerApplication - Starting TrackerApplication on T-C-RahulP with PID 8250 (/home/thrymr/projects/tracker/target/classes started by thrymr in /home/thrymr/projects/tracker)
[DEBUG] 2019-02-25 11:24:19.447 [restartedMain] TrackerApplication - Running with Spring Boot v2.1.1.RELEASE, Spring v5.1.3.RELEASE
[INFO ] 2019-02-25 11:24:19.447 [restartedMain] TrackerApplication - The following profiles are active: dev
[INFO ] 2019-02-25 11:24:23.079 [restartedMain] PdfServiceImpl - resource
[INFO ] 2019-02-25 11:24:24.260 [restartedMain] TrackerApplication - Started TrackerApplication in 5.206 seconds (JVM running for 6.043)
[INFO ] 2019-02-25 14:51:11.592 [restartedMain] TrackerApplication - Starting TrackerApplication on T-C-RahulP with PID 8250 (/home/thrymr/projects/tracker/target/classes started by thrymr in /home/thrymr/projects/tracker)
[DEBUG] 2019-02-25 14:51:11.593 [restartedMain] TrackerApplication - Running with Spring Boot v2.1.1.RELEASE, Spring v5.1.3.RELEASE
[INFO ] 2019-02-25 14:51:11.593 [restartedMain] TrackerApplication - The following profiles are active: dev
[INFO ] 2019-02-25 14:51:12.758 [restartedMain] TrackerApplication - Started TrackerApplication in 1.261 seconds (JVM running for 12414.54)
[INFO ] 2019-02-25 14:51:15.802 [restartedMain] TrackerApplication - Starting TrackerApplication on T-C-RahulP with PID 8250 (/home/thrymr/projects/tracker/target/classes started by thrymr in /home/thrymr/projects/tracker)
[DEBUG] 2019-02-25 14:51:15.815 [restartedMain] TrackerApplication - Running with Spring Boot v2.1.1.RELEASE, Spring v5.1.3.RELEASE
[INFO ] 2019-02-25 14:51:15.815 [restartedMain] TrackerApplication - The following profiles are active: dev
[INFO ] 2019-02-25 14:51:17.025 [restartedMain] PdfServiceImpl - resource
[INFO ] 2019-02-25 14:51:17.335 [restartedMain] TrackerApplication - Started TrackerApplication in 1.629 seconds (JVM running for 12419.117)
[INFO ] 2019-02-25 14:51:31.031 [restartedMain] TrackerApplication - Starting TrackerApplication on T-C-RahulP with PID 14317 (/home/thrymr/projects/tracker/target/classes started by thrymr in /home/thrymr/projects/tracker)
[DEBUG] 2019-02-25 14:51:31.032 [restartedMain] TrackerApplication - Running with Spring Boot v2.1.1.RELEASE, Spring v5.1.3.RELEASE
[INFO ] 2019-02-25 14:51:31.032 [restartedMain] TrackerApplication - The following profiles are active: dev
[INFO ] 2019-02-25 14:51:37.628 [restartedMain] PdfServiceImpl - resource
[INFO ] 2019-02-25 14:51:58.308 [restartedMain] TrackerApplication - Starting TrackerApplication on T-C-RahulP with PID 8250 (/home/thrymr/projects/tracker/target/classes started by thrymr in /home/thrymr/projects/tracker)
[DEBUG] 2019-02-25 14:51:58.319 [restartedMain] TrackerApplication - Running with Spring Boot v2.1.1.RELEASE, Spring v5.1.3.RELEASE
[INFO ] 2019-02-25 14:51:58.320 [restartedMain] TrackerApplication - The following profiles are active: dev
[INFO ] 2019-02-25 14:51:59.297 [restartedMain] PdfServiceImpl - resource
[INFO ] 2019-02-25 14:51:59.609 [restartedMain] TrackerApplication - Started TrackerApplication in 1.431 seconds (JVM running for 12461.392)
[INFO ] 2019-02-25 14:52:00.852 [restartedMain] TrackerApplication - Starting TrackerApplication on T-C-RahulP with PID 14394 (/home/thrymr/projects/tracker/target/classes started by thrymr in /home/thrymr/projects/tracker)
[DEBUG] 2019-02-25 14:52:00.854 [restartedMain] TrackerApplication - Running with Spring Boot v2.1.1.RELEASE, Spring v5.1.3.RELEASE
[INFO ] 2019-02-25 14:52:00.854 [restartedMain] TrackerApplication - The following profiles are active: dev
[INFO ] 2019-02-25 14:52:07.112 [restartedMain] PdfServiceImpl - resource
[INFO ] 2019-02-25 14:52:40.387 [restartedMain] TrackerApplication - Starting TrackerApplication on T-C-RahulP with PID 8250 (/home/thrymr/projects/tracker/target/classes started by thrymr in /home/thrymr/projects/tracker)
[DEBUG] 2019-02-25 14:52:40.387 [restartedMain] TrackerApplication - Running with Spring Boot v2.1.1.RELEASE, Spring v5.1.3.RELEASE
[INFO ] 2019-02-25 14:52:40.387 [restartedMain] TrackerApplication - The following profiles are active: dev
[INFO ] 2019-02-25 14:52:40.949 [restartedMain] PdfServiceImpl - resource
[INFO ] 2019-02-25 14:52:41.276 [restartedMain] TrackerApplication - Started TrackerApplication in 0.987 seconds (JVM running for 12503.058)
[INFO ] 2019-02-25 14:52:42.561 [restartedMain] TrackerApplication - Starting TrackerApplication on T-C-RahulP with PID 14524 (/home/thrymr/projects/tracker/target/classes started by thrymr in /home/thrymr/projects/tracker)
[DEBUG] 2019-02-25 14:52:42.562 [restartedMain] TrackerApplication - Running with Spring Boot v2.1.1.RELEASE, Spring v5.1.3.RELEASE
[INFO ] 2019-02-25 14:52:42.562 [restartedMain] TrackerApplication - The following profiles are active: dev
[INFO ] 2019-02-25 14:52:48.738 [restartedMain] PdfServiceImpl - resource
[INFO ] 2019-02-25 14:53:18.200 [restartedMain] TrackerApplication - Starting TrackerApplication on T-C-RahulP with PID 8250 (/home/thrymr/projects/tracker/target/classes started by thrymr in /home/thrymr/projects/tracker)
[DEBUG] 2019-02-25 14:53:18.201 [restartedMain] TrackerApplication - Running with Spring Boot v2.1.1.RELEASE, Spring v5.1.3.RELEASE
[INFO ] 2019-02-25 14:53:18.201 [restartedMain] TrackerApplication - The following profiles are active: dev
[INFO ] 2019-02-25 14:53:18.796 [restartedMain] PdfServiceImpl - resource
[INFO ] 2019-02-25 14:53:18.997 [restartedMain] TrackerApplication - Started TrackerApplication in 0.845 seconds (JVM running for 12540.779)
[INFO ] 2019-02-25 14:53:20.665 [restartedMain] TrackerApplication - Starting TrackerApplication on T-C-RahulP with PID 14672 (/home/thrymr/projects/tracker/target/classes started by thrymr in /home/thrymr/projects/tracker)
[DEBUG] 2019-02-25 14:53:20.666 [restartedMain] TrackerApplication - Running with Spring Boot v2.1.1.RELEASE, Spring v5.1.3.RELEASE
[INFO ] 2019-02-25 14:53:20.666 [restartedMain] TrackerApplication - The following profiles are active: dev
[INFO ] 2019-02-25 14:53:26.672 [restartedMain] PdfServiceImpl - resource
[INFO ] 2019-02-25 14:54:13.744 [restartedMain] TrackerApplication - Starting TrackerApplication on T-C-RahulP with PID 8250 (/home/thrymr/projects/tracker/target/classes started by thrymr in /home/thrymr/projects/tracker)
[DEBUG] 2019-02-25 14:54:13.744 [restartedMain] TrackerApplication - Running with Spring Boot v2.1.1.RELEASE, Spring v5.1.3.RELEASE
[INFO ] 2019-02-25 14:54:13.744 [restartedMain] TrackerApplication - The following profiles are active: dev
[INFO ] 2019-02-25 14:54:14.528 [restartedMain] PdfServiceImpl - resource
[INFO ] 2019-02-25 14:54:14.944 [restartedMain] TrackerApplication - Started TrackerApplication in 1.227 seconds (JVM running for 12596.726)
[INFO ] 2019-02-25 14:54:15.193 [restartedMain] TrackerApplication - Starting TrackerApplication on T-C-RahulP with PID 14799 (/home/thrymr/projects/tracker/target/classes started by thrymr in /home/thrymr/projects/tracker)
[DEBUG] 2019-02-25 14:54:15.194 [restartedMain] TrackerApplication - Running with Spring Boot v2.1.1.RELEASE, Spring v5.1.3.RELEASE
[INFO ] 2019-02-25 14:54:15.194 [restartedMain] TrackerApplication - The following profiles are active: dev
[INFO ] 2019-02-25 14:54:21.499 [restartedMain] PdfServiceImpl - resource
[INFO ] 2019-02-25 14:55:21.709 [restartedMain] TrackerApplication - Starting TrackerApplication on T-C-RahulP with PID 14972 (/home/thrymr/projects/tracker/target/classes started by thrymr in /home/thrymr/projects/tracker)
[DEBUG] 2019-02-25 14:55:21.714 [restartedMain] TrackerApplication - Running with Spring Boot v2.1.1.RELEASE, Spring v5.1.3.RELEASE
[INFO ] 2019-02-25 14:55:21.715 [restartedMain] TrackerApplication - The following profiles are active: dev
[INFO ] 2019-02-25 14:55:25.525 [restartedMain] PdfServiceImpl - resource
[INFO ] 2019-02-25 14:55:26.950 [restartedMain] TrackerApplication - Started TrackerApplication in 5.646 seconds (JVM running for 6.47)
[INFO ] 2019-02-25 14:57:16.857 [restartedMain] TrackerApplication - Starting TrackerApplication on T-C-RahulP with PID 15160 (/home/thrymr/projects/tracker/target/classes started by thrymr in /home/thrymr/projects/tracker)
[DEBUG] 2019-02-25 14:57:16.863 [restartedMain] TrackerApplication - Running with Spring Boot v2.1.1.RELEASE, Spring v5.1.3.RELEASE
[INFO ] 2019-02-25 14:57:16.863 [restartedMain] TrackerApplication - The following profiles are active: dev
[INFO ] 2019-02-25 14:57:20.456 [restartedMain] PdfServiceImpl - resource
[INFO ] 2019-02-25 14:57:21.718 [restartedMain] TrackerApplication - Started TrackerApplication in 5.27 seconds (JVM running for 6.078)
[INFO ] 2019-02-25 14:58:21.917 [restartedMain] TrackerApplication - Starting TrackerApplication on T-C-RahulP with PID 15317 (/home/thrymr/projects/tracker/target/classes started by thrymr in /home/thrymr/projects/tracker)
[DEBUG] 2019-02-25 14:58:21.917 [restartedMain] TrackerApplication - Running with Spring Boot v2.1.1.RELEASE, Spring v5.1.3.RELEASE
[INFO ] 2019-02-25 14:58:21.918 [restartedMain] TrackerApplication - The following profiles are active: dev
[INFO ] 2019-02-25 14:58:25.578 [restartedMain] PdfServiceImpl - resource
[INFO ] 2019-02-25 14:58:26.814 [restartedMain] TrackerApplication - Started TrackerApplication in 5.274 seconds (JVM running for 5.994)
[INFO ] 2019-02-25 14:59:10.515 [restartedMain] TrackerApplication - Starting TrackerApplication on T-C-RahulP with PID 15317 (/home/thrymr/projects/tracker/target/classes started by thrymr in /home/thrymr/projects/tracker)
[DEBUG] 2019-02-25 14:59:10.515 [restartedMain] TrackerApplication - Running with Spring Boot v2.1.1.RELEASE, Spring v5.1.3.RELEASE
[INFO ] 2019-02-25 14:59:10.516 [restartedMain] TrackerApplication - The following profiles are active: dev
[INFO ] 2019-02-25 14:59:11.814 [restartedMain] PdfServiceImpl - resource
[INFO ] 2019-02-25 14:59:12.235 [restartedMain] TrackerApplication - Started TrackerApplication in 1.774 seconds (JVM running for 51.415)
[INFO ] 2019-02-25 14:59:21.264 [restartedMain] TrackerApplication - Starting TrackerApplication on T-C-RahulP with PID 15566 (/home/thrymr/projects/tracker/target/classes started by thrymr in /home/thrymr/projects/tracker)
[DEBUG] 2019-02-25 14:59:21.266 [restartedMain] TrackerApplication - Running with Spring Boot v2.1.1.RELEASE, Spring v5.1.3.RELEASE
[INFO ] 2019-02-25 14:59:21.267 [restartedMain] TrackerApplication - The following profiles are active: dev
[INFO ] 2019-02-25 14:59:24.990 [restartedMain] PdfServiceImpl - resource
[INFO ] 2019-02-25 14:59:26.250 [restartedMain] TrackerApplication - Started TrackerApplication in 5.347 seconds (JVM running for 6.176)
[INFO ] 2019-02-25 15:00:41.528 [restartedMain] TrackerApplication - Starting TrackerApplication on T-C-RahulP with PID 15747 (/home/thrymr/projects/tracker/target/classes started by thrymr in /home/thrymr/projects/tracker)
[DEBUG] 2019-02-25 15:00:41.529 [restartedMain] TrackerApplication - Running with Spring Boot v2.1.1.RELEASE, Spring v5.1.3.RELEASE
[INFO ] 2019-02-25 15:00:41.529 [restartedMain] TrackerApplication - The following profiles are active: dev
[INFO ] 2019-02-25 15:00:45.114 [restartedMain] PdfServiceImpl - resource
[INFO ] 2019-02-25 15:00:46.312 [restartedMain] TrackerApplication - Started TrackerApplication in 5.171 seconds (JVM running for 5.993)
[INFO ] 2019-02-25 15:01:18.215 [restartedMain] TrackerApplication - Starting TrackerApplication on T-C-RahulP with PID 15889 (/home/thrymr/projects/tracker/target/classes started by thrymr in /home/thrymr/projects/tracker)
[DEBUG] 2019-02-25 15:01:18.216 [restartedMain] TrackerApplication - Running with Spring Boot v2.1.1.RELEASE, Spring v5.1.3.RELEASE
[INFO ] 2019-02-25 15:01:18.216 [restartedMain] TrackerApplication - The following profiles are active: dev
[INFO ] 2019-02-25 15:01:21.814 [restartedMain] PdfServiceImpl - resource
[INFO ] 2019-02-25 15:01:23.058 [restartedMain] TrackerApplication - Started TrackerApplication in 5.261 seconds (JVM running for 6.005)
[INFO ] 2019-02-25 15:03:06.103 [restartedMain] TrackerApplication - Starting TrackerApplication on T-C-RahulP with PID 16120 (/home/thrymr/projects/tracker/target/classes started by thrymr in /home/thrymr/projects/tracker)
[DEBUG] 2019-02-25 15:03:06.104 [restartedMain] TrackerApplication - Running with Spring Boot v2.1.1.RELEASE, Spring v5.1.3.RELEASE
[INFO ] 2019-02-25 15:03:06.105 [restartedMain] TrackerApplication - The following profiles are active: dev
[INFO ] 2019-02-25 15:03:09.645 [restartedMain] PdfServiceImpl - resource
[INFO ] 2019-02-25 15:03:10.915 [restartedMain] TrackerApplication - Started TrackerApplication in 5.192 seconds (JVM running for 5.935)
[INFO ] 2019-02-25 15:04:53.053 [restartedMain] TrackerApplication - Starting TrackerApplication on T-C-RahulP with PID 16300 (/home/thrymr/projects/tracker/target/classes started by thrymr in /home/thrymr/projects/tracker)
[DEBUG] 2019-02-25 15:04:53.054 [restartedMain] TrackerApplication - Running with Spring Boot v2.1.1.RELEASE, Spring v5.1.3.RELEASE
[INFO ] 2019-02-25 15:04:53.054 [restartedMain] TrackerApplication - The following profiles are active: dev
[INFO ] 2019-02-25 15:04:56.609 [restartedMain] PdfServiceImpl - resource
[INFO ] 2019-02-25 15:06:02.785 [restartedMain] TrackerApplication - Starting TrackerApplication on T-C-RahulP with PID 16415 (/home/thrymr/projects/tracker/target/classes started by thrymr in /home/thrymr/projects/tracker)
[DEBUG] 2019-02-25 15:06:02.787 [restartedMain] TrackerApplication - Running with Spring Boot v2.1.1.RELEASE, Spring v5.1.3.RELEASE
[INFO ] 2019-02-25 15:06:02.787 [restartedMain] TrackerApplication - The following profiles are active: dev
[INFO ] 2019-02-25 15:06:06.453 [restartedMain] PdfServiceImpl - resource
[INFO ] 2019-02-25 15:06:36.584 [restartedMain] TrackerApplication - Starting TrackerApplication on T-C-RahulP with PID 16507 (/home/thrymr/projects/tracker/target/classes started by thrymr in /home/thrymr/projects/tracker)
[DEBUG] 2019-02-25 15:06:36.584 [restartedMain] TrackerApplication - Running with Spring Boot v2.1.1.RELEASE, Spring v5.1.3.RELEASE
[INFO ] 2019-02-25 15:06:36.585 [restartedMain] TrackerApplication - The following profiles are active: dev
[INFO ] 2019-02-25 15:06:40.336 [restartedMain] PdfServiceImpl - resource
[INFO ] 2019-02-25 15:06:41.590 [restartedMain] TrackerApplication - Started TrackerApplication in 5.393 seconds (JVM running for 6.248)
[INFO ] 2019-02-25 15:08:18.261 [restartedMain] TrackerApplication - Starting TrackerApplication on T-C-RahulP with PID 16706 (/home/thrymr/projects/tracker/target/classes started by thrymr in /home/thrymr/projects/tracker)
[DEBUG] 2019-02-25 15:08:18.262 [restartedMain] TrackerApplication - Running with Spring Boot v2.1.1.RELEASE, Spring v5.1.3.RELEASE
[INFO ] 2019-02-25 15:08:18.263 [restartedMain] TrackerApplication - The following profiles are active: dev
[INFO ] 2019-02-25 15:08:21.977 [restartedMain] PdfServiceImpl - resource
[INFO ] 2019-02-25 15:08:23.336 [restartedMain] TrackerApplication - Started TrackerApplication in 5.457 seconds (JVM running for 6.314)
[INFO ] 2019-02-25 15:09:12.514 [restartedMain] TrackerApplication - Starting TrackerApplication on T-C-RahulP with PID 16861 (/home/thrymr/projects/tracker/target/classes started by thrymr in /home/thrymr/projects/tracker)
[DEBUG] 2019-02-25 15:09:12.514 [restartedMain] TrackerApplication - Running with Spring Boot v2.1.1.RELEASE, Spring v5.1.3.RELEASE
[INFO ] 2019-02-25 15:09:12.515 [restartedMain] TrackerApplication - The following profiles are active: dev
[INFO ] 2019-02-25 15:09:16.138 [restartedMain] PdfServiceImpl - resource
[INFO ] 2019-02-25 15:09:17.331 [restartedMain] TrackerApplication - Started TrackerApplication in 5.21 seconds (JVM running for 5.956)
[INFO ] 2019-02-25 15:10:24.837 [restartedMain] TrackerApplication - Starting TrackerApplication on T-C-RahulP with PID 17101 (/home/thrymr/projects/tracker/target/classes started by thrymr in /home/thrymr/projects/tracker)
[DEBUG] 2019-02-25 15:10:24.850 [restartedMain] TrackerApplication - Running with Spring Boot v2.1.1.RELEASE, Spring v5.1.3.RELEASE
[INFO ] 2019-02-25 15:10:24.851 [restartedMain] TrackerApplication - The following profiles are active: dev
[INFO ] 2019-02-25 15:10:29.016 [restartedMain] PdfServiceImpl - resource
[INFO ] 2019-02-25 15:10:30.554 [restartedMain] TrackerApplication - Started TrackerApplication in 6.199 seconds (JVM running for 7.29)
[INFO ] 2019-02-25 15:12:18.688 [restartedMain] TrackerApplication - Starting TrackerApplication on T-C-RahulP with PID 17285 (/home/thrymr/projects/tracker/target/classes started by thrymr in /home/thrymr/projects/tracker)
[DEBUG] 2019-02-25 15:12:18.696 [restartedMain] TrackerApplication - Running with Spring Boot v2.1.1.RELEASE, Spring v5.1.3.RELEASE
[INFO ] 2019-02-25 15:12:18.697 [restartedMain] TrackerApplication - The following profiles are active: dev
[INFO ] 2019-02-25 15:12:22.318 [restartedMain] PdfServiceImpl - resource
[INFO ] 2019-02-25 15:12:23.640 [restartedMain] TrackerApplication - Started TrackerApplication in 5.338 seconds (JVM running for 6.113)
[INFO ] 2019-02-25 15:13:05.921 [restartedMain] TrackerApplication - Starting TrackerApplication on T-C-RahulP with PID 17450 (/home/thrymr/projects/tracker/target/classes started by thrymr in /home/thrymr/projects/tracker)
[DEBUG] 2019-02-25 15:13:05.932 [restartedMain] TrackerApplication - Running with Spring Boot v2.1.1.RELEASE, Spring v5.1.3.RELEASE
[INFO ] 2019-02-25 15:13:05.942 [restartedMain] TrackerApplication - The following profiles are active: dev
[INFO ] 2019-02-25 15:13:12.756 [restartedMain] PdfServiceImpl - resource
[INFO ] 2019-02-25 15:13:15.965 [restartedMain] TrackerApplication - Started TrackerApplication in 10.835 seconds (JVM running for 11.833)
[INFO ] 2019-02-25 15:14:42.258 [restartedMain] TrackerApplication - Starting TrackerApplication on T-C-RahulP with PID 17622 (/home/thrymr/projects/tracker/target/classes started by thrymr in /home/thrymr/projects/tracker)
[DEBUG] 2019-02-25 15:14:42.259 [restartedMain] TrackerApplication - Running with Spring Boot v2.1.1.RELEASE, Spring v5.1.3.RELEASE
[INFO ] 2019-02-25 15:14:42.264 [restartedMain] TrackerApplication - The following profiles are active: dev
[INFO ] 2019-02-25 15:14:46.689 [restartedMain] PdfServiceImpl - resource
[INFO ] 2019-02-25 15:14:48.343 [restartedMain] TrackerApplication - Started TrackerApplication in 6.544 seconds (JVM running for 7.559)
[INFO ] 2019-02-25 15:18:20.248 [restartedMain] TrackerApplication - Starting TrackerApplication on T-C-RahulP with PID 17904 (/home/thrymr/projects/tracker/target/classes started by thrymr in /home/thrymr/projects/tracker)
[DEBUG] 2019-02-25 15:18:20.254 [restartedMain] TrackerApplication - Running with Spring Boot v2.1.1.RELEASE, Spring v5.1.3.RELEASE
[INFO ] 2019-02-25 15:18:20.255 [restartedMain] TrackerApplication - The following profiles are active: dev
[INFO ] 2019-02-25 15:18:24.001 [restartedMain] PdfServiceImpl - resource
[INFO ] 2019-02-25 15:18:25.311 [restartedMain] TrackerApplication - Started TrackerApplication in 5.438 seconds (JVM running for 6.181)
[INFO ] 2019-02-25 15:19:15.498 [restartedMain] TrackerApplication - Starting TrackerApplication on T-C-RahulP with PID 18050 (/home/thrymr/projects/tracker/target/classes started by thrymr in /home/thrymr/projects/tracker)
[DEBUG] 2019-02-25 15:19:15.507 [restartedMain] TrackerApplication - Running with Spring Boot v2.1.1.RELEASE, Spring v5.1.3.RELEASE
[INFO ] 2019-02-25 15:19:15.507 [restartedMain] TrackerApplication - The following profiles are active: dev
[INFO ] 2019-02-25 15:19:19.044 [restartedMain] PdfServiceImpl - resource
[INFO ] 2019-02-25 15:19:20.238 [restartedMain] TrackerApplication - Started TrackerApplication in 5.138 seconds (JVM running for 5.995)
[INFO ] 2019-02-25 15:22:21.988 [restartedMain] TrackerApplication - Starting TrackerApplication on T-C-RahulP with PID 18302 (/home/thrymr/projects/tracker/target/classes started by thrymr in /home/thrymr/projects/tracker)
[DEBUG] 2019-02-25 15:22:21.990 [restartedMain] TrackerApplication - Running with Spring Boot v2.1.1.RELEASE, Spring v5.1.3.RELEASE
[INFO ] 2019-02-25 15:22:21.990 [restartedMain] TrackerApplication - The following profiles are active: dev
[INFO ] 2019-02-25 15:22:25.565 [restartedMain] PdfServiceImpl - resource
[INFO ] 2019-02-25 15:22:26.785 [restartedMain] TrackerApplication - Started TrackerApplication in 5.188 seconds (JVM running for 5.997)
[INFO ] 2019-02-25 18:24:45.076 [restartedMain] TrackerApplication - Starting TrackerApplication on T-C-RahulP with PID 24942 (/home/thrymr/projects/tracker/target/classes started by thrymr in /home/thrymr/projects/tracker)
[DEBUG] 2019-02-25 18:24:45.077 [restartedMain] TrackerApplication - Running with Spring Boot v2.1.1.RELEASE, Spring v5.1.3.RELEASE
[INFO ] 2019-02-25 18:24:45.078 [restartedMain] TrackerApplication - The following profiles are active: dev
[INFO ] 2019-02-25 18:24:48.745 [restartedMain] PdfServiceImpl - resource
[INFO ] 2019-02-25 18:24:50.017 [restartedMain] TrackerApplication - Started TrackerApplication in 5.373 seconds (JVM running for 6.088)
[INFO ] 2019-02-25 18:25:47.647 [restartedMain] TrackerApplication - Starting TrackerApplication on T-C-RahulP with PID 25128 (/home/thrymr/projects/tracker/target/classes started by thrymr in /home/thrymr/projects/tracker)
[DEBUG] 2019-02-25 18:25:47.648 [restartedMain] TrackerApplication - Running with Spring Boot v2.1.1.RELEASE, Spring v5.1.3.RELEASE
[INFO ] 2019-02-25 18:25:47.648 [restartedMain] TrackerApplication - The following profiles are active: dev
[INFO ] 2019-02-25 18:25:51.178 [restartedMain] PdfServiceImpl - resource
[INFO ] 2019-02-25 18:25:52.453 [restartedMain] TrackerApplication - Started TrackerApplication in 5.173 seconds (JVM running for 5.937)
[INFO ] 2019-02-25 18:26:41.256 [restartedMain] TrackerApplication - Starting TrackerApplication on T-C-RahulP with PID 25276 (/home/thrymr/projects/tracker/target/classes started by thrymr in /home/thrymr/projects/tracker)
[DEBUG] 2019-02-25 18:26:41.257 [restartedMain] TrackerApplication - Running with Spring Boot v2.1.1.RELEASE, Spring v5.1.3.RELEASE
[INFO ] 2019-02-25 18:26:41.257 [restartedMain] TrackerApplication - The following profiles are active: dev
[INFO ] 2019-02-25 18:26:44.801 [restartedMain] PdfServiceImpl - resource
[INFO ] 2019-02-25 18:26:45.984 [restartedMain] TrackerApplication - Started TrackerApplication in 5.103 seconds (JVM running for 5.924)
[INFO ] 2019-02-25 18:34:20.301 [restartedMain] TrackerApplication - Starting TrackerApplication on T-C-RahulP with PID 25727 (/home/thrymr/projects/tracker/target/classes started by thrymr in /home/thrymr/projects/tracker)
[DEBUG] 2019-02-25 18:34:20.302 [restartedMain] TrackerApplication - Running with Spring Boot v2.1.1.RELEASE, Spring v5.1.3.RELEASE
[INFO ] 2019-02-25 18:34:20.302 [restartedMain] TrackerApplication - The following profiles are active: dev
[INFO ] 2019-02-25 18:34:23.930 [restartedMain] PdfServiceImpl - resource
[INFO ] 2019-02-25 18:34:25.247 [restartedMain] TrackerApplication - Started TrackerApplication in 5.326 seconds (JVM running for 6.059)
[INFO ] 2019-02-25 18:40:19.818 [restartedMain] TrackerApplication - Starting TrackerApplication on T-C-RahulP with PID 26170 (/home/thrymr/projects/tracker/target/classes started by thrymr in /home/thrymr/projects/tracker)
[DEBUG] 2019-02-25 18:40:19.827 [restartedMain] TrackerApplication - Running with Spring Boot v2.1.1.RELEASE, Spring v5.1.3.RELEASE
[INFO ] 2019-02-25 18:40:19.828 [restartedMain] TrackerApplication - The following profiles are active: dev
[INFO ] 2019-02-25 18:45:29.102 [restartedMain] TrackerApplication - Starting TrackerApplication on T-C-RahulP with PID 26371 (/home/thrymr/projects/tracker/target/classes started by thrymr in /home/thrymr/projects/tracker)
[DEBUG] 2019-02-25 18:45:29.103 [restartedMain] TrackerApplication - Running with Spring Boot v2.1.1.RELEASE, Spring v5.1.3.RELEASE
[INFO ] 2019-02-25 18:45:29.103 [restartedMain] TrackerApplication - The following profiles are active: dev
[INFO ] 2019-02-25 18:45:32.783 [restartedMain] PdfServiceImpl - resource
[INFO ] 2019-02-25 18:45:34.106 [restartedMain] TrackerApplication - Started TrackerApplication in 5.4 seconds (JVM running for 6.215)
[INFO ] 2019-02-25 18:58:43.719 [restartedMain] TrackerApplication - Starting TrackerApplication on T-C-RahulP with PID 26880 (/home/thrymr/projects/tracker/target/classes started by thrymr in /home/thrymr/projects/tracker)
[DEBUG] 2019-02-25 18:58:43.721 [restartedMain] TrackerApplication - Running with Spring Boot v2.1.1.RELEASE, Spring v5.1.3.RELEASE
[INFO ] 2019-02-25 18:58:43.722 [restartedMain] TrackerApplication - The following profiles are active: dev
[INFO ] 2019-02-25 18:58:48.110 [restartedMain] PdfServiceImpl - resource
[INFO ] 2019-02-25 18:58:49.645 [restartedMain] TrackerApplication - Started TrackerApplication in 6.353 seconds (JVM running for 7.312)
[INFO ] 2019-02-25 19:01:08.894 [restartedMain] TrackerApplication - Starting TrackerApplication on T-C-RahulP with PID 27046 (/home/thrymr/projects/tracker/target/classes started by thrymr in /home/thrymr/projects/tracker)
[DEBUG] 2019-02-25 19:01:08.895 [restartedMain] TrackerApplication - Running with Spring Boot v2.1.1.RELEASE, Spring v5.1.3.RELEASE
[INFO ] 2019-02-25 19:01:08.896 [restartedMain] TrackerApplication - The following profiles are active: dev
[INFO ] 2019-02-25 19:01:13.428 [restartedMain] PdfServiceImpl - resource
[INFO ] 2019-02-25 19:01:14.940 [restartedMain] TrackerApplication - Started TrackerApplication in 6.504 seconds (JVM running for 7.461)
[INFO ] 2019-02-26 10:39:20.796 [restartedMain] TrackerApplication - Starting TrackerApplication on T-C-RahulP with PID 24537 (/home/thrymr/projects/tracker/target/classes started by thrymr in /home/thrymr/projects/tracker)
[DEBUG] 2019-02-26 10:39:20.803 [restartedMain] TrackerApplication - Running with Spring Boot v2.1.1.RELEASE, Spring v5.1.3.RELEASE
[INFO ] 2019-02-26 10:39:20.804 [restartedMain] TrackerApplication - The following profiles are active: dev
[INFO ] 2019-02-26 10:39:24.970 [restartedMain] PdfServiceImpl - resource
[INFO ] 2019-02-26 10:39:26.582 [restartedMain] TrackerApplication - Started TrackerApplication in 6.243 seconds (JVM running for 7.116)
[INFO ] 2019-02-26 10:55:20.924 [restartedMain] TrackerApplication - Starting TrackerApplication on T-C-RahulP with PID 24537 (/home/thrymr/projects/tracker/target/classes started by thrymr in /home/thrymr/projects/tracker)
[DEBUG] 2019-02-26 10:55:20.925 [restartedMain] TrackerApplication - Running with Spring Boot v2.1.1.RELEASE, Spring v5.1.3.RELEASE
[INFO ] 2019-02-26 10:55:20.925 [restartedMain] TrackerApplication - The following profiles are active: dev
[INFO ] 2019-02-28 19:42:24.785 [restartedMain] TrackerApplication - Starting TrackerApplication on T-C-RahulP with PID 10722 (/home/thrymr/projects/tracker/target/classes started by thrymr in /home/thrymr/projects/tracker)
[DEBUG] 2019-02-28 19:42:24.786 [restartedMain] TrackerApplication - Running with Spring Boot v2.1.1.RELEASE, Spring v5.1.3.RELEASE
[INFO ] 2019-02-28 19:42:24.796 [restartedMain] TrackerApplication - The following profiles are active: dev
[DEBUG] 2019-02-28 19:42:33.919 [restartedMain] AuthenticationFilter - Filter 'authenticationFilter' configured for use
[INFO ] 2019-02-28 19:45:40.442 [restartedMain] TrackerApplication - Starting TrackerApplication on T-C-RahulP with PID 11095 (/home/thrymr/projects/tracker/target/classes started by thrymr in /home/thrymr/projects/tracker)
[DEBUG] 2019-02-28 19:45:40.444 [restartedMain] TrackerApplication - Running with Spring Boot v2.1.1.RELEASE, Spring v5.1.3.RELEASE
[INFO ] 2019-02-28 19:45:40.444 [restartedMain] TrackerApplication - The following profiles are active: dev
[DEBUG] 2019-02-28 19:45:49.469 [restartedMain] AuthenticationFilter - Filter 'authenticationFilter' configured for use
[INFO ] 2019-02-28 19:49:59.487 [restartedMain] TrackerApplication - Starting TrackerApplication on T-C-RahulP with PID 11340 (/home/thrymr/projects/tracker/target/classes started by thrymr in /home/thrymr/projects/tracker)
[DEBUG] 2019-02-28 19:49:59.489 [restartedMain] TrackerApplication - Running with Spring Boot v2.1.1.RELEASE, Spring v5.1.3.RELEASE
[INFO ] 2019-02-28 19:49:59.490 [restartedMain] TrackerApplication - The following profiles are active: dev
[DEBUG] 2019-02-28 19:50:08.846 [restartedMain] AuthenticationFilter - Filter 'authenticationFilter' configured for use
[INFO ] 2019-02-28 19:50:08.871 [restartedMain] PdfServiceImpl - resource
[INFO ] 2019-02-28 19:50:09.950 [restartedMain] TrackerApplication - Started TrackerApplication in 12.398 seconds (JVM running for 13.454)
[INFO ] 2019-03-01 12:42:12.746 [restartedMain] TrackerApplication - Starting TrackerApplication on T-C-RahulP with PID 12179 (/home/thrymr/projects/tracker/target/classes started by thrymr in /home/thrymr/projects/tracker)
[DEBUG] 2019-03-01 12:42:12.753 [restartedMain] TrackerApplication - Running with Spring Boot v2.1.1.RELEASE, Spring v5.1.3.RELEASE
[INFO ] 2019-03-01 12:42:12.754 [restartedMain] TrackerApplication - The following profiles are active: dev
[INFO ] 2019-03-01 12:46:36.924 [restartedMain] TrackerApplication - Starting TrackerApplication on T-C-RahulP with PID 12437 (/home/thrymr/projects/tracker/target/classes started by thrymr in /home/thrymr/projects/tracker)
[DEBUG] 2019-03-01 12:46:36.925 [restartedMain] TrackerApplication - Running with Spring Boot v2.1.1.RELEASE, Spring v5.1.3.RELEASE
[INFO ] 2019-03-01 12:46:36.925 [restartedMain] TrackerApplication - The following profiles are active: dev
[DEBUG] 2019-03-01 12:46:41.908 [restartedMain] AuthenticationFilter - Filter 'authenticationFilter' configured for use
[INFO ] 2019-03-01 12:46:41.972 [restartedMain] PdfServiceImpl - resource
[INFO ] 2019-03-01 12:56:23.311 [restartedMain] TrackerApplication - Starting TrackerApplication on T-C-RahulP with PID 12786 (/home/thrymr/projects/tracker/target/classes started by thrymr in /home/thrymr/projects/tracker)
[DEBUG] 2019-03-01 12:56:23.311 [restartedMain] TrackerApplication - Running with Spring Boot v2.1.1.RELEASE, Spring v5.1.3.RELEASE
[INFO ] 2019-03-01 12:56:23.311 [restartedMain] TrackerApplication - The following profiles are active: dev
[INFO ] 2019-03-01 12:57:14.811 [restartedMain] TrackerApplication - Starting TrackerApplication on T-C-RahulP with PID 12873 (/home/thrymr/projects/tracker/target/classes started by thrymr in /home/thrymr/projects/tracker)
[DEBUG] 2019-03-01 12:57:14.811 [restartedMain] TrackerApplication - Running with Spring Boot v2.1.1.RELEASE, Spring v5.1.3.RELEASE
[INFO ] 2019-03-01 12:57:14.812 [restartedMain] TrackerApplication - The following profiles are active: dev
[INFO ] 2019-03-01 12:58:03.454 [restartedMain] TrackerApplication - Starting TrackerApplication on T-C-RahulP with PID 12981 (/home/thrymr/projects/tracker/target/classes started by thrymr in /home/thrymr/projects/tracker)
[DEBUG] 2019-03-01 12:58:03.455 [restartedMain] TrackerApplication - Running with Spring Boot v2.1.1.RELEASE, Spring v5.1.3.RELEASE
[INFO ] 2019-03-01 12:58:03.459 [restartedMain] TrackerApplication - The following profiles are active: dev
[DEBUG] 2019-03-01 12:58:07.670 [restartedMain] AuthenticationFilter - Filter 'authenticationFilter' configured for use
[INFO ] 2019-03-01 12:58:07.848 [restartedMain] PdfServiceImpl - resource
[INFO ] 2019-03-01 13:00:19.752 [restartedMain] TrackerApplication - Starting TrackerApplication on T-C-RahulP with PID 13176 (/home/thrymr/projects/tracker/target/classes started by thrymr in /home/thrymr/projects/tracker)
[DEBUG] 2019-03-01 13:00:19.753 [restartedMain] TrackerApplication - Running with Spring Boot v2.1.1.RELEASE, Spring v5.1.3.RELEASE
[INFO ] 2019-03-01 13:00:19.753 [restartedMain] TrackerApplication - The following profiles are active: dev
[DEBUG] 2019-03-01 13:00:24.702 [restartedMain] AuthenticationFilter - Filter 'authenticationFilter' configured for use
[INFO ] 2019-03-01 13:00:24.772 [restartedMain] PdfServiceImpl - resource
[INFO ] 2019-03-01 13:00:26.106 [restartedMain] TrackerApplication - Started TrackerApplication in 6.747 seconds (JVM running for 7.592)
[INFO ] 2019-03-01 13:58:32.375 [restartedMain] TrackerApplication - Starting TrackerApplication on T-C-RahulP with PID 14954 (/home/thrymr/projects/tracker/target/classes started by thrymr in /home/thrymr/projects/tracker)
[DEBUG] 2019-03-01 13:58:32.376 [restartedMain] TrackerApplication - Running with Spring Boot v2.1.1.RELEASE, Spring v5.1.3.RELEASE
[INFO ] 2019-03-01 13:58:32.376 [restartedMain] TrackerApplication - The following profiles are active: dev
[DEBUG] 2019-03-01 13:58:36.953 [restartedMain] AuthenticationFilter - Filter 'authenticationFilter' configured for use
[INFO ] 2019-03-01 13:58:37.016 [restartedMain] PdfServiceImpl - resource
[INFO ] 2019-03-01 13:58:38.299 [restartedMain] TrackerApplication - Started TrackerApplication in 6.359 seconds (JVM running for 7.228)
[INFO ] 2019-03-01 14:06:50.614 [32mINFO[m [restartedMain] TrackerApplication - Starting TrackerApplication on T-C-RahulP with PID 15375 (/home/thrymr/projects/tracker/target/classes started by thrymr in /home/thrymr/projects/tracker)
[DEBUG] 2019-03-01 14:06:50.614 [36mDEBUG[m [restartedMain] TrackerApplication - Running with Spring Boot v2.1.1.RELEASE, Spring v5.1.3.RELEASE
[INFO ] 2019-03-01 14:06:50.615 [32mINFO[m [restartedMain] TrackerApplication - The following profiles are active: dev
[DEBUG] 2019-03-01 14:06:55.227 [36mDEBUG[m [restartedMain] AuthenticationFilter - Filter 'authenticationFilter' configured for use
[INFO ] 2019-03-01 14:06:55.284 [32mINFO[m [restartedMain] PdfServiceImpl - resource
[INFO ] 2019-03-01 14:06:56.488 [32mINFO[m [restartedMain] TrackerApplication - Started TrackerApplication in 6.245 seconds (JVM running for 6.966)
[32mdisableAnsi=false[m[INFO ] 2019-03-01 14:08:02.871 [restartedMain] TrackerApplication - Starting TrackerApplication on T-C-RahulP with PID 15505 (/home/thrymr/projects/tracker/target/classes started by thrymr in /home/thrymr/projects/tracker)
[36mdisableAnsi=false[m[DEBUG] 2019-03-01 14:08:02.872 [restartedMain] TrackerApplication - Running with Spring Boot v2.1.1.RELEASE, Spring v5.1.3.RELEASE
[32mdisableAnsi=false[m[INFO ] 2019-03-01 14:08:02.872 [restartedMain] TrackerApplication - The following profiles are active: dev
[36mdisableAnsi=false[m[DEBUG] 2019-03-01 14:08:07.462 [restartedMain] AuthenticationFilter - Filter 'authenticationFilter' configured for use
[32mdisableAnsi=false[m[INFO ] 2019-03-01 14:08:07.531 [restartedMain] PdfServiceImpl - resource
[32mdisableAnsi=false[m[INFO ] 2019-03-01 14:08:08.845 [restartedMain] TrackerApplication - Started TrackerApplication in 6.35 seconds (JVM running for 7.045)
[[32mINFO [m] 2019-03-01 14:09:07.796 [restartedMain] TrackerApplication - Starting TrackerApplication on T-C-RahulP with PID 15704 (/home/thrymr/projects/tracker/target/classes started by thrymr in /home/thrymr/projects/tracker)
[[36mDEBUG[m] 2019-03-01 14:09:07.797 [restartedMain] TrackerApplication - Running with Spring Boot v2.1.1.RELEASE, Spring v5.1.3.RELEASE
[[32mINFO [m] 2019-03-01 14:09:07.797 [restartedMain] TrackerApplication - The following profiles are active: dev
[[36mDEBUG[m] 2019-03-01 14:09:12.308 [restartedMain] AuthenticationFilter - Filter 'authenticationFilter' configured for use
[[32mINFO [m] 2019-03-01 14:09:12.368 [restartedMain] PdfServiceImpl - resource
[[32mINFO [m] 2019-03-01 14:09:13.590 [restartedMain] TrackerApplication - Started TrackerApplication in 6.171 seconds (JVM running for 6.998)
[[32mINFO [m] 2019-03-01 14:14:17.328 [restartedMain] TrackerApplication - Starting TrackerApplication on T-C-RahulP with PID 16002 (/home/thrymr/projects/tracker/target/classes started by thrymr in /home/thrymr/projects/tracker)
[[36mDEBUG[m] 2019-03-01 14:14:17.330 [restartedMain] TrackerApplication - Running with Spring Boot v2.1.1.RELEASE, Spring v5.1.3.RELEASE
[[32mINFO [m] 2019-03-01 14:14:17.331 [restartedMain] TrackerApplication - The following profiles are active: dev
[[36mDEBUG[m] 2019-03-01 14:14:21.671 [restartedMain] AuthenticationFilter - Filter 'authenticationFilter' configured for use
[[32mINFO [m] 2019-03-01 14:14:21.724 [restartedMain] PdfServiceImpl - resource
[[32mINFO [m] 2019-03-01 14:14:22.840 [restartedMain] TrackerApplication - Started TrackerApplication in 5.887 seconds (JVM running for 6.724)
[[32mINFO [m] 2019-03-01 14:18:36.910 [restartedMain] TrackerApplication - Starting TrackerApplication on T-C-RahulP with PID 16274 (/home/thrymr/projects/tracker/target/classes started by thrymr in /home/thrymr/projects/tracker)
[[36mDEBUG[m] 2019-03-01 14:18:36.915 [restartedMain] TrackerApplication - Running with Spring Boot v2.1.1.RELEASE, Spring v5.1.3.RELEASE
[[32mINFO [m] 2019-03-01 14:18:36.916 [restartedMain] TrackerApplication - The following profiles are active: dev
[[36mDEBUG[m] 2019-03-01 14:18:41.533 [restartedMain] AuthenticationFilter - Filter 'authenticationFilter' configured for use
[[32mINFO [m] 2019-03-01 14:18:41.593 [restartedMain] PdfServiceImpl - resource
[[32mINFO [m] 2019-03-01 14:18:42.846 [restartedMain] TrackerApplication - Started TrackerApplication in 6.321 seconds (JVM running for 7.19)
[[32mINFO [m] 2019-03-01 14:22:21.257 [restartedMain] TrackerApplication - Starting TrackerApplication on T-C-RahulP with PID 16636 (/home/thrymr/projects/tracker/target/classes started by thrymr in /home/thrymr/projects/tracker)
[[36mDEBUG[m] 2019-03-01 14:22:21.258 [restartedMain] TrackerApplication - Running with Spring Boot v2.1.1.RELEASE, Spring v5.1.3.RELEASE
[[32mINFO [m] 2019-03-01 14:22:21.258 [restartedMain] TrackerApplication - The following profiles are active: dev
[[36mDEBUG[m] 2019-03-01 14:22:25.957 [restartedMain] AuthenticationFilter - Filter 'authenticationFilter' configured for use
[[32mINFO [m] 2019-03-01 14:22:26.027 [restartedMain] PdfServiceImpl - resource
[[32mINFO [m] 2019-03-01 14:22:27.382 [restartedMain] TrackerApplication - Started TrackerApplication in 6.503 seconds (JVM running for 7.327)
[[32mINFO [m] 2019-03-01 14:28:45.177 [restartedMain] TrackerApplication - Starting TrackerApplication on T-C-RahulP with PID 17116 (/home/thrymr/projects/tracker/target/classes started by thrymr in /home/thrymr/projects/tracker)
[[36mDEBUG[m] 2019-03-01 14:28:45.178 [restartedMain] TrackerApplication - Running with Spring Boot v2.1.1.RELEASE, Spring v5.1.3.RELEASE
[[32mINFO [m] 2019-03-01 14:28:45.178 [restartedMain] TrackerApplication - The following profiles are active: dev
[[36mDEBUG[m] 2019-03-01 14:28:49.895 [restartedMain] AuthenticationFilter - Filter 'authenticationFilter' configured for use
[[32mINFO [m] 2019-03-01 14:28:49.976 [restartedMain] PdfServiceImpl - resource
[[32mINFO [m] 2019-03-01 14:28:51.348 [restartedMain] TrackerApplication - Started TrackerApplication in 6.61 seconds (JVM running for 7.334)
[[32mINFO [m] 2019-03-01 14:31:42.032 [restartedMain] TrackerApplication - Starting TrackerApplication on T-C-RahulP with PID 17401 (/home/thrymr/projects/tracker/target/classes started by thrymr in /home/thrymr/projects/tracker)
[[36mDEBUG[m] 2019-03-01 14:31:42.032 [restartedMain] TrackerApplication - Running with Spring Boot v2.1.1.RELEASE, Spring v5.1.3.RELEASE
[[32mINFO [m] 2019-03-01 14:31:42.032 [restartedMain] TrackerApplication - The following profiles are active: dev
[[36mDEBUG[m] 2019-03-01 14:31:46.128 [restartedMain] AuthenticationFilter - Filter 'authenticationFilter' configured for use
[[32mINFO [m] 2019-03-01 14:31:46.171 [restartedMain] PdfServiceImpl - resource
[[32mINFO [m] 2019-03-01 14:31:47.197 [restartedMain] TrackerApplication - Started TrackerApplication in 5.588 seconds (JVM running for 6.337)
[[32mINFO [m] 2019-03-01 14:37:29.210 [restartedMain] TrackerApplication - Starting TrackerApplication on T-C-RahulP with PID 17831 (/home/thrymr/projects/tracker/target/classes started by thrymr in /home/thrymr/projects/tracker)
[[36mDEBUG[m] 2019-03-01 14:37:29.210 [restartedMain] TrackerApplication - Running with Spring Boot v2.1.1.RELEASE, Spring v5.1.3.RELEASE
[[32mINFO [m] 2019-03-01 14:37:29.211 [restartedMain] TrackerApplication - The following profiles are active: dev
[[36mDEBUG[m] 2019-03-01 14:37:33.139 [restartedMain] AuthenticationFilter - Filter 'authenticationFilter' configured for use
[[32mINFO [m] 2019-03-01 14:37:33.189 [restartedMain] PdfServiceImpl - resource
[[32mINFO [m] 2019-03-01 14:37:34.094 [restartedMain] TrackerApplication - Started TrackerApplication in 5.253 seconds (JVM running for 6.011)
[[32mINFO [m] 2019-03-01 14:38:29.205 [restartedMain] TrackerApplication - Starting TrackerApplication on T-C-RahulP with PID 18002 (/home/thrymr/projects/tracker/target/classes started by thrymr in /home/thrymr/projects/tracker)
[[36mDEBUG[m] 2019-03-01 14:38:29.206 [restartedMain] TrackerApplication - Running with Spring Boot v2.1.1.RELEASE, Spring v5.1.3.RELEASE
[[32mINFO [m] 2019-03-01 14:38:29.207 [restartedMain] TrackerApplication - The following profiles are active: dev
[[32mINFO [m] 2019-03-01 14:39:57.265 [restartedMain] TrackerApplication - Starting TrackerApplication on T-C-RahulP with PID 18211 (/home/thrymr/projects/tracker/target/classes started by thrymr in /home/thrymr/projects/tracker)
[[36mDEBUG[m] 2019-03-01 14:39:57.266 [restartedMain] TrackerApplication - Running with Spring Boot v2.1.1.RELEASE, Spring v5.1.3.RELEASE
[[32mINFO [m] 2019-03-01 14:39:57.266 [restartedMain] TrackerApplication - The following profiles are active: dev
[[36mDEBUG[m] 2019-03-01 14:40:02.368 [restartedMain] AuthenticationFilter - Filter 'authenticationFilter' configured for use
[[32mINFO [m] 2019-03-01 14:40:02.515 [restartedMain] PdfServiceImpl - resource
[[32mINFO [m] 2019-03-01 14:40:03.857 [restartedMain] TrackerApplication - Started TrackerApplication in 7.121 seconds (JVM running for 8.366)
[[32mINFO [m] 2019-03-01 14:53:06.808 [restartedMain] TrackerApplication - Starting TrackerApplication on T-C-RahulP with PID 18877 (/home/thrymr/projects/tracker/target/classes started by thrymr in /home/thrymr/projects/tracker)
[[36mDEBUG[m] 2019-03-01 14:53:06.809 [restartedMain] TrackerApplication - Running with Spring Boot v2.1.1.RELEASE, Spring v5.1.3.RELEASE
[[32mINFO [m] 2019-03-01 14:53:06.809 [restartedMain] TrackerApplication - The following profiles are active: dev
[[36mDEBUG[m] 2019-03-01 14:53:11.891 [restartedMain] AuthenticationFilter - Filter 'authenticationFilter' configured for use
[[32mINFO [m] 2019-03-01 14:53:11.949 [restartedMain] PdfServiceImpl - resource
[[32mINFO [m] 2019-03-01 14:53:13.263 [restartedMain] TrackerApplication - Started TrackerApplication in 6.887 seconds (JVM running for 7.757)
[[32mINFO [m] 2019-03-01 15:01:42.440 [restartedMain] TrackerApplication - Starting TrackerApplication on T-C-RahulP with PID 19341 (/home/thrymr/projects/tracker/target/classes started by thrymr in /home/thrymr/projects/tracker)
[[36mDEBUG[m] 2019-03-01 15:01:42.442 [restartedMain] TrackerApplication - Running with Spring Boot v2.1.1.RELEASE, Spring v5.1.3.RELEASE
[[32mINFO [m] 2019-03-01 15:01:42.442 [restartedMain] TrackerApplication - The following profiles are active: dev
[[36mDEBUG[m] 2019-03-01 15:01:46.827 [restartedMain] AuthenticationFilter - Filter 'authenticationFilter' configured for use
[[32mINFO [m] 2019-03-01 15:01:46.876 [restartedMain] PdfServiceImpl - resource
[[32mINFO [m] 2019-03-01 15:01:48.051 [restartedMain] TrackerApplication - Started TrackerApplication in 6.079 seconds (JVM running for 7.011)
[[32mINFO [m] 2019-03-01 15:29:23.586 [restartedMain] TrackerApplication - Starting TrackerApplication on T-C-RahulP with PID 21167 (/home/thrymr/projects/tracker/target/classes started by thrymr in /home/thrymr/projects/tracker)
[[36mDEBUG[m] 2019-03-01 15:29:23.587 [restartedMain] TrackerApplication - Running with Spring Boot v2.1.1.RELEASE, Spring v5.1.3.RELEASE
[[32mINFO [m] 2019-03-01 15:29:23.588 [restartedMain] TrackerApplication - The following profiles are active: dev
[[32mINFO [m] 2019-03-01 15:29:30.871 [restartedMain] TrackerApplication - Starting TrackerApplication on T-C-RahulP with PID 21196 (/home/thrymr/projects/tracker/target/classes started by thrymr in /home/thrymr/projects/tracker)
[[36mDEBUG[m] 2019-03-01 15:29:30.872 [restartedMain] TrackerApplication - Running with Spring Boot v2.1.1.RELEASE, Spring v5.1.3.RELEASE
[[32mINFO [m] 2019-03-01 15:29:30.872 [restartedMain] TrackerApplication - The following profiles are active: dev
[[32mINFO [m] 2019-03-01 15:31:52.929 [restartedMain] TrackerApplication - Starting TrackerApplication on T-C-RahulP with PID 21423 (/home/thrymr/projects/tracker/target/classes started by thrymr in /home/thrymr/projects/tracker)
[[36mDEBUG[m] 2019-03-01 15:31:52.930 [restartedMain] TrackerApplication - Running with Spring Boot v2.1.1.RELEASE, Spring v5.1.3.RELEASE
[[32mINFO [m] 2019-03-01 15:31:52.930 [restartedMain] TrackerApplication - The following profiles are active: dev
[[36mDEBUG[m] 2019-03-01 15:31:56.806 [restartedMain] AuthenticationFilter - Filter 'authenticationFilter' configured for use
[[32mINFO [m] 2019-03-01 15:31:56.848 [restartedMain] PdfServiceImpl - resource
[[32mINFO [m] 2019-03-01 15:31:57.805 [restartedMain] TrackerApplication - Started TrackerApplication in 5.38 seconds (JVM running for 6.225)
[[32mINFO [m] 2019-03-01 15:56:41.892 [restartedMain] TrackerApplication - Starting TrackerApplication on T-C-RahulP with PID 22355 (/home/thrymr/projects/tracker/target/classes started by thrymr in /home/thrymr/projects/tracker)
[[36mDEBUG[m] 2019-03-01 15:56:41.893 [restartedMain] TrackerApplication - Running with Spring Boot v2.1.1.RELEASE, Spring v5.1.3.RELEASE
[[32mINFO [m] 2019-03-01 15:56:41.894 [restartedMain] TrackerApplication - The following profiles are active: dev
[[36mDEBUG[m] 2019-03-01 15:56:46.676 [restartedMain] AuthenticationFilter - Filter 'authenticationFilter' configured for use
[[32mINFO [m] 2019-03-01 15:56:46.746 [restartedMain] PdfServiceImpl - resource
[[32mINFO [m] 2019-03-01 15:56:48.076 [restartedMain] TrackerApplication - Started TrackerApplication in 6.56 seconds (JVM running for 7.438)
[[32mINFO [m] 2019-03-01 15:57:26.704 [restartedMain] TrackerApplication - Starting TrackerApplication on T-C-RahulP with PID 22497 (/home/thrymr/projects/tracker/target/classes started by thrymr in /home/thrymr/projects/tracker)
[[36mDEBUG[m] 2019-03-01 15:57:26.711 [restartedMain] TrackerApplication - Running with Spring Boot v2.1.1.RELEASE, Spring v5.1.3.RELEASE
[[32mINFO [m] 2019-03-01 15:57:26.711 [restartedMain] TrackerApplication - The following profiles are active: dev
[[36mDEBUG[m] 2019-03-01 15:57:31.367 [restartedMain] AuthenticationFilter - Filter 'authenticationFilter' configured for use
[[32mINFO [m] 2019-03-01 15:57:31.424 [restartedMain] PdfServiceImpl - resource
[[32mINFO [m] 2019-03-01 15:57:32.701 [restartedMain] TrackerApplication - Started TrackerApplication in 6.484 seconds (JVM running for 7.388)
[[32mINFO [m] 2019-03-01 16:08:09.462 [restartedMain] TrackerApplication - Starting TrackerApplication on T-C-RahulP with PID 23124 (/home/thrymr/projects/tracker/target/classes started by thrymr in /home/thrymr/projects/tracker)
[[36mDEBUG[m] 2019-03-01 16:08:09.469 [restartedMain] TrackerApplication - Running with Spring Boot v2.1.1.RELEASE, Spring v5.1.3.RELEASE
[[32mINFO [m] 2019-03-01 16:08:09.470 [restartedMain] TrackerApplication - The following profiles are active: dev
[[36mDEBUG[m] 2019-03-01 16:08:14.188 [restartedMain] AuthenticationFilter - Filter 'authenticationFilter' configured for use
[[32mINFO [m] 2019-03-01 16:08:14.263 [restartedMain] PdfServiceImpl - resource
[[32mINFO [m] 2019-03-01 16:08:15.799 [restartedMain] TrackerApplication - Started TrackerApplication in 6.865 seconds (JVM running for 7.749)
[[32mINFO [m] 2019-03-01 16:32:42.600 [restartedMain] TrackerApplication - Starting TrackerApplication on T-C-RahulP with PID 24168 (/home/thrymr/projects/tracker/target/classes started by thrymr in /home/thrymr/projects/tracker)
[[36mDEBUG[m] 2019-03-01 16:32:42.602 [restartedMain] TrackerApplication - Running with Spring Boot v2.1.1.RELEASE, Spring v5.1.3.RELEASE
[[32mINFO [m] 2019-03-01 16:32:42.602 [restartedMain] TrackerApplication - The following profiles are active: dev
[[36mDEBUG[m] 2019-03-01 16:32:48.380 [restartedMain] AuthenticationFilter - Filter 'authenticationFilter' configured for use
[[32mINFO [m] 2019-03-01 16:32:48.467 [restartedMain] PdfServiceImpl - resource
[[32mINFO [m] 2019-03-01 16:32:50.277 [restartedMain] TrackerApplication - Started TrackerApplication in 8.138 seconds (JVM running for 8.978)
[[32mINFO [m] 2019-03-01 16:37:32.507 [restartedMain] TrackerApplication - Starting TrackerApplication on T-C-RahulP with PID 24525 (/home/thrymr/projects/tracker/target/classes started by thrymr in /home/thrymr/projects/tracker)
[[36mDEBUG[m] 2019-03-01 16:37:32.508 [restartedMain] TrackerApplication - Running with Spring Boot v2.1.1.RELEASE, Spring v5.1.3.RELEASE
[[32mINFO [m] 2019-03-01 16:37:32.509 [restartedMain] TrackerApplication - The following profiles are active: dev
[[36mDEBUG[m] 2019-03-01 16:37:38.794 [restartedMain] AuthenticationFilter - Filter 'authenticationFilter' configured for use
[[32mINFO [m] 2019-03-01 16:37:38.886 [restartedMain] PdfServiceImpl - resource
[[32mINFO [m] 2019-03-01 16:37:40.725 [restartedMain] TrackerApplication - Started TrackerApplication in 8.855 seconds (JVM running for 9.984)
[[32mINFO [m] 2019-03-01 16:49:06.940 [restartedMain] TrackerApplication - Starting TrackerApplication on T-C-RahulP with PID 25237 (/home/thrymr/projects/tracker/target/classes started by thrymr in /home/thrymr/projects/tracker)
[[36mDEBUG[m] 2019-03-01 16:49:06.940 [restartedMain] TrackerApplication - Running with Spring Boot v2.1.1.RELEASE, Spring v5.1.3.RELEASE
[[32mINFO [m] 2019-03-01 16:49:06.941 [restartedMain] TrackerApplication - The following profiles are active: dev
[[36mDEBUG[m] 2019-03-01 16:49:13.194 [restartedMain] AuthenticationFilter - Filter 'authenticationFilter' configured for use
[[32mINFO [m] 2019-03-01 16:49:13.326 [restartedMain] PdfServiceImpl - resource
[[32mINFO [m] 2019-03-01 16:49:15.799 [restartedMain] TrackerApplication - Started TrackerApplication in 9.366 seconds (JVM running for 10.3)
[[32mINFO [m] 2019-03-01 16:50:53.180 [restartedMain] TrackerApplication - Starting TrackerApplication on T-C-RahulP with PID 25440 (/home/thrymr/projects/tracker/target/classes started by thrymr in /home/thrymr/projects/tracker)
[[36mDEBUG[m] 2019-03-01 16:50:53.180 [restartedMain] TrackerApplication - Running with Spring Boot v2.1.1.RELEASE, Spring v5.1.3.RELEASE
[[32mINFO [m] 2019-03-01 16:50:53.180 [restartedMain] TrackerApplication - The following profiles are active: dev
[[36mDEBUG[m] 2019-03-01 16:50:57.673 [restartedMain] AuthenticationFilter - Filter 'authenticationFilter' configured for use
[[32mINFO [m] 2019-03-01 16:50:57.739 [restartedMain] PdfServiceImpl - resource
[[32mINFO [m] 2019-03-01 16:50:58.980 [restartedMain] TrackerApplication - Started TrackerApplication in 6.203 seconds (JVM running for 7.254)
[[32mINFO [m] 2019-03-01 17:24:41.298 [restartedMain] TrackerApplication - Starting TrackerApplication on T-C-RahulP with PID 26606 (/home/thrymr/projects/tracker/target/classes started by thrymr in /home/thrymr/projects/tracker)
[[36mDEBUG[m] 2019-03-01 17:24:41.299 [restartedMain] TrackerApplication - Running with Spring Boot v2.1.1.RELEASE, Spring v5.1.3.RELEASE
[[32mINFO [m] 2019-03-01 17:24:41.299 [restartedMain] TrackerApplication - The following profiles are active: dev
[[36mDEBUG[m] 2019-03-01 17:24:46.554 [restartedMain] AuthenticationFilter - Filter 'authenticationFilter' configured for use
[[32mINFO [m] 2019-03-01 17:24:46.621 [restartedMain] PdfServiceImpl - resource
[[32mINFO [m] 2019-03-01 17:24:48.182 [restartedMain] TrackerApplication - Started TrackerApplication in 7.413 seconds (JVM running for 8.301)
[[32mINFO [m] 2019-03-01 17:43:11.794 [restartedMain] TrackerApplication - Starting TrackerApplication on T-C-RahulP with PID 27741 (/home/thrymr/projects/tracker/target/classes started by thrymr in /home/thrymr/projects/tracker)
[[36mDEBUG[m] 2019-03-01 17:43:11.796 [restartedMain] TrackerApplication - Running with Spring Boot v2.1.1.RELEASE, Spring v5.1.3.RELEASE
[[32mINFO [m] 2019-03-01 17:43:11.796 [restartedMain] TrackerApplication - The following profiles are active: dev
[[36mDEBUG[m] 2019-03-01 17:43:16.564 [restartedMain] AuthenticationFilter - Filter 'authenticationFilter' configured for use
[[32mINFO [m] 2019-03-01 17:43:16.624 [restartedMain] PdfServiceImpl - resource
[[32mINFO [m] 2019-03-01 17:43:17.963 [restartedMain] TrackerApplication - Started TrackerApplication in 6.583 seconds (JVM running for 7.334)
[[32mINFO [m] 2019-03-01 17:44:34.983 [restartedMain] TrackerApplication - Starting TrackerApplication on T-C-RahulP with PID 27919 (/home/thrymr/projects/tracker/target/classes started by thrymr in /home/thrymr/projects/tracker)
[[36mDEBUG[m] 2019-03-01 17:44:34.983 [restartedMain] TrackerApplication - Running with Spring Boot v2.1.1.RELEASE, Spring v5.1.3.RELEASE
[[32mINFO [m] 2019-03-01 17:44:34.984 [restartedMain] TrackerApplication - The following profiles are active: dev
[[36mDEBUG[m] 2019-03-01 17:44:39.183 [restartedMain] AuthenticationFilter - Filter 'authenticationFilter' configured for use
[[32mINFO [m] 2019-03-01 17:44:39.240 [restartedMain] PdfServiceImpl - resource
[[32mINFO [m] 2019-03-01 17:44:40.554 [restartedMain] TrackerApplication - Started TrackerApplication in 5.984 seconds (JVM running for 6.721)
[[32mINFO [m] 2019-03-01 17:46:13.012 [restartedMain] TrackerApplication - Starting TrackerApplication on T-C-RahulP with PID 28110 (/home/thrymr/projects/tracker/target/classes started by thrymr in /home/thrymr/projects/tracker)
[[36mDEBUG[m] 2019-03-01 17:46:13.013 [restartedMain] TrackerApplication - Running with Spring Boot v2.1.1.RELEASE, Spring v5.1.3.RELEASE
[[32mINFO [m] 2019-03-01 17:46:13.013 [restartedMain] TrackerApplication - The following profiles are active: dev
[[36mDEBUG[m] 2019-03-01 17:46:17.374 [restartedMain] AuthenticationFilter - Filter 'authenticationFilter' configured for use
[[32mINFO [m] 2019-03-01 17:46:17.430 [restartedMain] PdfServiceImpl - resource
[[32mINFO [m] 2019-03-01 17:46:18.636 [restartedMain] TrackerApplication - Started TrackerApplication in 6.017 seconds (JVM running for 6.732)
[[32mINFO [m] 2019-03-01 17:46:59.353 [restartedMain] TrackerApplication - Starting TrackerApplication on T-C-RahulP with PID 28244 (/home/thrymr/projects/tracker/target/classes started by thrymr in /home/thrymr/projects/tracker)
[[36mDEBUG[m] 2019-03-01 17:46:59.354 [restartedMain] TrackerApplication - Running with Spring Boot v2.1.1.RELEASE, Spring v5.1.3.RELEASE
[[32mINFO [m] 2019-03-01 17:46:59.354 [restartedMain] TrackerApplication - The following profiles are active: dev
[[36mDEBUG[m] 2019-03-01 17:47:05.134 [restartedMain] AuthenticationFilter - Filter 'authenticationFilter' configured for use
[[32mINFO [m] 2019-03-01 17:47:05.210 [restartedMain] PdfServiceImpl - resource
[[32mINFO [m] 2019-03-01 17:47:22.602 [restartedMain] TrackerApplication - Starting TrackerApplication on T-C-RahulP with PID 28330 (/home/thrymr/projects/tracker/target/classes started by thrymr in /home/thrymr/projects/tracker)
[[36mDEBUG[m] 2019-03-01 17:47:22.602 [restartedMain] TrackerApplication - Running with Spring Boot v2.1.1.RELEASE, Spring v5.1.3.RELEASE
[[32mINFO [m] 2019-03-01 17:47:22.602 [restartedMain] TrackerApplication - The following profiles are active: dev
[[36mDEBUG[m] 2019-03-01 17:47:27.752 [restartedMain] AuthenticationFilter - Filter 'authenticationFilter' configured for use
[[32mINFO [m] 2019-03-01 17:47:27.822 [restartedMain] PdfServiceImpl - resource
[[32mINFO [m] 2019-03-01 17:49:46.241 [restartedMain] TrackerApplication - Starting TrackerApplication on T-C-RahulP with PID 28468 (/home/thrymr/projects/tracker/target/classes started by thrymr in /home/thrymr/projects/tracker)
[[36mDEBUG[m] 2019-03-01 17:49:46.242 [restartedMain] TrackerApplication - Running with Spring Boot v2.1.1.RELEASE, Spring v5.1.3.RELEASE
[[32mINFO [m] 2019-03-01 17:49:46.242 [restartedMain] TrackerApplication - The following profiles are active: dev
[[36mDEBUG[m] 2019-03-01 17:49:50.962 [restartedMain] AuthenticationFilter - Filter 'authenticationFilter' configured for use
[[32mINFO [m] 2019-03-01 17:49:51.011 [restartedMain] PdfServiceImpl - resource
[[32mINFO [m] 2019-03-01 17:49:52.178 [restartedMain] TrackerApplication - Started TrackerApplication in 6.406 seconds (JVM running for 7.257)
